<?xml version="1.0" encoding="UTF-8"?>
<!--
   Licensed to the Apache Software Foundation (ASF) under one or more
   contributor license agreements.  See the NOTICE file distributed with
   this work for additional information regarding copyright ownership.
   The ASF licenses this file to You under the Apache License, Version 2.0
   (the "License"); you may not use this file except in compliance with
   the License.  You may obtain a copy of the License at

        http://www.apache.org/licenses/LICENSE-2.0

   Unless required by applicable law or agreed to in writing, software
   distributed under the License is distributed on an "AS IS" BASIS,
   WITHOUT WARRANTIES OR CONDITIONS OF ANY KIND, either express or implied.
   See the License for the specific language governing permissions and
   limitations under the License.
-->

<persistence xmlns="http://java.sun.com/xml/ns/persistence"
             xmlns:xsi="http://www.w3.org/2001/XMLSchema-instance"
             xsi:schemaLocation="http://java.sun.com/xml/ns/persistence http://java.sun.com/xml/ns/persistence/persistence_2_0.xsd"
             version="2.0">

    <!--

            resources/META-INF/persistence.xml.tmpl should be the only place you change anything
            any of persistence.*.xml. After changing it, "ant configure"
            copies it to all places it is needed.

    -->

    <persistence-unit name="KiWi" transaction-type="RESOURCE_LOCAL">

        <class>org.apache.marmotta.platform.core.model.rdf.KiWiNode</class>
        <class>org.apache.marmotta.platform.core.model.rdf.KiWiResource</class>
        <class>org.apache.marmotta.platform.core.model.rdf.KiWiUriResource</class>
        <class>org.apache.marmotta.platform.core.model.rdf.KiWiAnonResource</class>
        <class>org.apache.marmotta.platform.core.model.rdf.KiWiLiteral</class>
        <class>org.apache.marmotta.platform.core.model.rdf.KiWiStringLiteral</class>
        <class>org.apache.marmotta.platform.core.model.rdf.KiWiIntLiteral</class>
        <class>org.apache.marmotta.platform.core.model.rdf.KiWiDoubleLiteral</class>
        <class>org.apache.marmotta.platform.core.model.rdf.KiWiTextContentLiteral</class>
        <class>org.apache.marmotta.platform.core.model.rdf.KiWiMediaContentLiteral</class>

        <class>org.apache.marmotta.platform.core.model.rdf.KiWiNamespace</class>
        <class>org.apache.marmotta.platform.core.model.rdf.KiWiTriple</class>

        <class>org.apache.marmotta.platform.user.model.UserAccount</class>
        <!--<class>kiwi.core.model.user.KiWiUser</class>-->
        <!--<class>kiwi.core.model.user.KiWiGroup</class>-->
        <!--<class>kiwi.core.model.user.Role</class>-->

        <class>org.apache.marmotta.platform.versioning.model.Version</class>

        <properties>
            <property name="hibernate.dialect" value="org.hibernate.dialect.H2Dialect"/>
            <property name="javax.persistence.jdbc.driver" value="org.h2.Driver"/>
            <property name="javax.persistence.jdbc.user" value="sa"/>
            <property name="javax.persistence.jdbc.password" value="sa"/>
            <property name="javax.persistence.jdbc.url" value="jdbc:h2:/tmp/kiwi-test/db/kiwi2;MVCC=true;DB_CLOSE_ON_EXIT=FALSE"/>


            <!-- valid values are validate, update, create, create-drop -->
            <property name="hibernate.hbm2ddl.auto" value="create-drop"/>
            <property name="hibernate.show_sql" value="false"/>
            <property name="hibernate.format_sql" value="true"/>
            <property name="hibernate.jdbc.fetch_size" value="30"/>
            <property name="hibernate.jdbc.batch_size" value="30"/>
            <property name="hibernate.default_batch_fetch_size" value="16" />
            <property name="hibernate.max_fetch_depth" value="3" />

            <!-- Without this statement seem Hibernate to come to "Cannot open connection" state at peak times (e.g. test) -->
            <property name="hibernate.connection.release_mode" value="after_statement" />

            <!--  caching -->
            <property name="hibernate.cache.region.factory_class"
                      value="net.sf.ehcache.hibernate.EhCacheRegionFactory"/>
            <property name="hibernate.cache.use_query_cache" value="true" />
            <property name="hibernate.cache.use_second_level_cache" value="true"/>
            <property name="hibernate.cache.region_prefix" value=""/>
        </properties>
    </persistence-unit>
</persistence>
